# JRE version: Java(TM) SE Runtime Environment (8.0_201-b09) (build 1.8.0_201-b09)
# Java VM: Java HotSpot(TM) 64-Bit Server VM (25.201-b09 mixed mode windows-amd64 compressed oops)
Heap:
 PSYoungGen      total 247808K, used 76652K [0x0000000775200000, 0x0000000785400000, 0x00000007c0000000)
  eden space 232448K, 32% used [0x0000000775200000,0x0000000779cdb128,0x0000000783500000)
  from space 15360K, 0% used [0x0000000783500000,0x0000000783500000,0x0000000784400000)
  to   space 15872K, 0% used [0x0000000784480000,0x0000000784480000,0x0000000785400000)
 ParOldGen       total 140800K, used 52753K [0x00000006df600000, 0x00000006e7f80000, 0x0000000775200000)
  object space 140800K, 37% used [0x00000006df600000,0x00000006e2984418,0x00000006e7f80000)
 Metaspace       used 129579K, capacity 138304K, committed 147964K, reserved 1181696K
  class space    used 13680K, capacity 15069K, committed 16128K, reserved 1048576K
GC Heap History (10 events):
Event: 42821.819 GC heap before
{Heap before GC invocations=1488 (full 80):
 PSYoungGen      total 244736K, used 5417K [0x0000000775200000, 0x0000000785000000, 0x00000007c0000000)
  eden space 229376K, 0% used [0x0000000775200000,0x0000000775200000,0x0000000783200000)
  from space 15360K, 35% used [0x0000000784100000,0x000000078464a6e0,0x0000000785000000)
  to   space 15360K, 0% used [0x0000000783200000,0x0000000783200000,0x0000000784100000)
 ParOldGen       total 140800K, used 51388K [0x00000006df600000, 0x00000006e7f80000, 0x0000000775200000)
  object space 140800K, 36% used [0x00000006df600000,0x00000006e282f3c0,0x00000006e7f80000)
 Metaspace       used 127685K, capacity 136412K, committed 147964K, reserved 1181696K
  class space    used 13548K, capacity 14924K, committed 16128K, reserved 1048576K
Event: 42822.094 GC heap after
Heap after GC invocations=1488 (full 80):
 PSYoungGen      total 244736K, used 0K [0x0000000775200000, 0x0000000785000000, 0x00000007c0000000)
  eden space 229376K, 0% used [0x0000000775200000,0x0000000775200000,0x0000000783200000)
  from space 15360K, 0% used [0x0000000784100000,0x0000000784100000,0x0000000785000000)
  to   space 15360K, 0% used [0x0000000783200000,0x0000000783200000,0x0000000784100000)
 ParOldGen       total 140800K, used 52416K [0x00000006df600000, 0x00000006e7f80000, 0x0000000775200000)
  object space 140800K, 37% used [0x00000006df600000,0x00000006e2930118,0x00000006e7f80000)
 Metaspace       used 127683K, capacity 136406K, committed 147964K, reserved 1181696K
  class space    used 13547K, capacity 14922K, committed 16128K, reserved 1048576K
}
Event: 42823.876 GC heap before
{Heap before GC invocations=1489 (full 80):
 PSYoungGen      total 244736K, used 229376K [0x0000000775200000, 0x0000000785000000, 0x00000007c0000000)
  eden space 229376K, 100% used [0x0000000775200000,0x0000000783200000,0x0000000783200000)
  from space 15360K, 0% used [0x0000000784100000,0x0000000784100000,0x0000000785000000)
  to   space 15360K, 0% used [0x0000000783200000,0x0000000783200000,0x0000000784100000)
 ParOldGen       total 140800K, used 52416K [0x00000006df600000, 0x00000006e7f80000, 0x0000000775200000)
  object space 140800K, 37% used [0x00000006df600000,0x00000006e2930118,0x00000006e7f80000)
 Metaspace       used 128496K, capacity 137256K, committed 147964K, reserved 1181696K
  class space    used 13610K, capacity 14995K, committed 16128K, reserved 1048576K
Event: 42823.885 GC heap after
Heap after GC invocations=1489 (full 80):
 PSYoungGen      total 244736K, used 10177K [0x0000000775200000, 0x0000000785380000, 0x00000007c0000000)
  eden space 229376K, 0% used [0x0000000775200000,0x0000000775200000,0x0000000783200000)
  from space 15360K, 66% used [0x0000000783200000,0x0000000783bf0780,0x0000000784100000)
  to   space 15360K, 0% used [0x0000000784480000,0x0000000784480000,0x0000000785380000)
 ParOldGen       total 140800K, used 52416K [0x00000006df600000, 0x00000006e7f80000, 0x0000000775200000)
  object space 140800K, 37% used [0x00000006df600000,0x00000006e2930118,0x00000006e7f80000)
 Metaspace       used 128496K, capacity 137256K, committed 147964K, reserved 1181696K
  class space    used 13610K, capacity 14995K, committed 16128K, reserved 1048576K
}
Event: 42852.043 GC heap before
{Heap before GC invocations=1490 (full 80):
 PSYoungGen      total 244736K, used 239553K [0x0000000775200000, 0x0000000785380000, 0x00000007c0000000)
  eden space 229376K, 100% used [0x0000000775200000,0x0000000783200000,0x0000000783200000)
  from space 15360K, 66% used [0x0000000783200000,0x0000000783bf0780,0x0000000784100000)
  to   space 15360K, 0% used [0x0000000784480000,0x0000000784480000,0x0000000785380000)
 ParOldGen       total 140800K, used 52416K [0x00000006df600000, 0x00000006e7f80000, 0x0000000775200000)
  object space 140800K, 37% used [0x00000006df600000,0x00000006e2930118,0x00000006e7f80000)
 Metaspace       used 129107K, capacity 137876K, committed 147964K, reserved 1181696K
  class space    used 13646K, capacity 15029K, committed 16128K, reserved 1048576K
Event: 42852.050 GC heap after
Heap after GC invocations=1490 (full 80):
 PSYoungGen      total 247296K, used 11306K [0x0000000775200000, 0x0000000785300000, 0x00000007c0000000)
  eden space 232448K, 0% used [0x0000000775200000,0x0000000775200000,0x0000000783500000)
  from space 14848K, 76% used [0x0000000784480000,0x0000000784f8a858,0x0000000785300000)
  to   space 15360K, 0% used [0x0000000783500000,0x0000000783500000,0x0000000784400000)
 ParOldGen       total 140800K, used 52416K [0x00000006df600000, 0x00000006e7f80000, 0x0000000775200000)
  object space 140800K, 37% used [0x00000006df600000,0x00000006e2930118,0x00000006e7f80000)
 Metaspace       used 129107K, capacity 137876K, committed 147964K, reserved 1181696K
  class space    used 13646K, capacity 15029K, committed 16128K, reserved 1048576K
}
Event: 42903.613 GC heap before
{Heap before GC invocations=1491 (full 80):
 PSYoungGen      total 247296K, used 230460K [0x0000000775200000, 0x0000000785300000, 0x00000007c0000000)
  eden space 232448K, 94% used [0x0000000775200000,0x0000000782804a88,0x0000000783500000)
  from space 14848K, 76% used [0x0000000784480000,0x0000000784f8a858,0x0000000785300000)
  to   space 15360K, 0% used [0x0000000783500000,0x0000000783500000,0x0000000784400000)
 ParOldGen       total 140800K, used 52416K [0x00000006df600000, 0x00000006e7f80000, 0x0000000775200000)
  object space 140800K, 37% used [0x00000006df600000,0x00000006e2930118,0x00000006e7f80000)
 Metaspace       used 129174K, capacity 137882K, committed 147964K, reserved 1181696K
  class space    used 13648K, capacity 15031K, committed 16128K, reserved 1048576K
Event: 42903.702 GC heap after
Heap after GC invocations=1491 (full 80):
 PSYoungGen      total 247808K, used 4921K [0x0000000775200000, 0x0000000785400000, 0x00000007c0000000)
  eden space 232448K, 0% used [0x0000000775200000,0x0000000775200000,0x0000000783500000)
  from space 15360K, 32% used [0x0000000783500000,0x00000007839ce6d0,0x0000000784400000)
  to   space 15872K, 0% used [0x0000000784480000,0x0000000784480000,0x0000000785400000)
 ParOldGen       total 140800K, used 52416K [0x00000006df600000, 0x00000006e7f80000, 0x0000000775200000)
  object space 140800K, 37% used [0x00000006df600000,0x00000006e2930118,0x00000006e7f80000)
 Metaspace       used 129174K, capacity 137882K, committed 147964K, reserved 1181696K
  class space    used 13648K, capacity 15031K, committed 16128K, reserved 1048576K
}
Event: 42903.702 GC heap before
{Heap before GC invocations=1492 (full 81):
 PSYoungGen      total 247808K, used 4921K [0x0000000775200000, 0x0000000785400000, 0x00000007c0000000)
  eden space 232448K, 0% used [0x0000000775200000,0x0000000775200000,0x0000000783500000)
  from space 15360K, 32% used [0x0000000783500000,0x00000007839ce6d0,0x0000000784400000)
  to   space 15872K, 0% used [0x0000000784480000,0x0000000784480000,0x0000000785400000)
 ParOldGen       total 140800K, used 52416K [0x00000006df600000, 0x00000006e7f80000, 0x0000000775200000)
  object space 140800K, 37% used [0x00000006df600000,0x00000006e2930118,0x00000006e7f80000)
 Metaspace       used 129174K, capacity 137882K, committed 147964K, reserved 1181696K
  class space    used 13648K, capacity 15031K, committed 16128K, reserved 1048576K
Event: 42903.998 GC heap after
Heap after GC invocations=1492 (full 81):
 PSYoungGen      total 247808K, used 0K [0x0000000775200000, 0x0000000785400000, 0x00000007c0000000)
  eden space 232448K, 0% used [0x0000000775200000,0x0000000775200000,0x0000000783500000)
  from space 15360K, 0% used [0x0000000783500000,0x0000000783500000,0x0000000784400000)
  to   space 15872K, 0% used [0x0000000784480000,0x0000000784480000,0x0000000785400000)
 ParOldGen       total 140800K, used 52753K [0x00000006df600000, 0x00000006e7f80000, 0x0000000775200000)
  object space 140800K, 37% used [0x00000006df600000,0x00000006e2984418,0x00000006e7f80000)
 Metaspace       used 129171K, capacity 137876K, committed 147964K, reserved 1181696K
  class space    used 13648K, capacity 15029K, committed 16128K, reserved 1048576K
}

