# JRE version: Java(TM) SE Runtime Environment (8.0_201-b09) (build 1.8.0_201-b09)
# Java VM: Java HotSpot(TM) 64-Bit Server VM (25.201-b09 mixed mode windows-amd64 compressed oops)
Heap:
 PSYoungGen      total 539136K, used 315802K [0x0000000775200000, 0x000000079b380000, 0x00000007c0000000)
  eden space 531456K, 59% used [0x0000000775200000,0x00000007886669c0,0x0000000795900000)
  from space 7680K, 0% used [0x000000079ac00000,0x000000079ac00000,0x000000079b380000)
  to   space 20992K, 0% used [0x0000000798a80000,0x0000000798a80000,0x0000000799f00000)
 ParOldGen       total 122880K, used 29424K [0x00000006df600000, 0x00000006e6e00000, 0x0000000775200000)
  object space 122880K, 23% used [0x00000006df600000,0x00000006e12bc360,0x00000006e6e00000)
 Metaspace       used 86578K, capacity 92592K, committed 92928K, reserved 1130496K
  class space    used 10685K, capacity 11657K, committed 11776K, reserved 1048576K
GC Heap History (10 events):
Event: 4545.232 GC heap before
{Heap before GC invocations=25 (full 3):
 PSYoungGen      total 528384K, used 352051K [0x0000000775200000, 0x000000079ce00000, 0x00000007c0000000)
  eden space 516096K, 65% used [0x0000000775200000,0x0000000789df3858,0x0000000794a00000)
  from space 12288K, 98% used [0x000000079b080000,0x000000079bc59680,0x000000079bc80000)
  to   space 17920K, 0% used [0x000000079bc80000,0x000000079bc80000,0x000000079ce00000)
 ParOldGen       total 122880K, used 33243K [0x00000006df600000, 0x00000006e6e00000, 0x0000000775200000)
  object space 122880K, 27% used [0x00000006df600000,0x00000006e1676c98,0x00000006e6e00000)
 Metaspace       used 82509K, capacity 88190K, committed 88320K, reserved 1126400K
  class space    used 10469K, capacity 11399K, committed 11520K, reserved 1048576K
Event: 4545.264 GC heap after
Heap after GC invocations=25 (full 3):
 PSYoungGen      total 526336K, used 10067K [0x0000000775200000, 0x000000079c680000, 0x00000007c0000000)
  eden space 516096K, 0% used [0x0000000775200000,0x0000000775200000,0x0000000794a00000)
  from space 10240K, 98% used [0x000000079bc80000,0x000000079c654eb8,0x000000079c680000)
  to   space 20992K, 0% used [0x0000000799d80000,0x0000000799d80000,0x000000079b200000)
 ParOldGen       total 122880K, used 33251K [0x00000006df600000, 0x00000006e6e00000, 0x0000000775200000)
  object space 122880K, 27% used [0x00000006df600000,0x00000006e1678c98,0x00000006e6e00000)
 Metaspace       used 82509K, capacity 88190K, committed 88320K, reserved 1126400K
  class space    used 10469K, capacity 11399K, committed 11520K, reserved 1048576K
}
Event: 4545.264 GC heap before
{Heap before GC invocations=26 (full 4):
 PSYoungGen      total 526336K, used 10067K [0x0000000775200000, 0x000000079c680000, 0x00000007c0000000)
  eden space 516096K, 0% used [0x0000000775200000,0x0000000775200000,0x0000000794a00000)
  from space 10240K, 98% used [0x000000079bc80000,0x000000079c654eb8,0x000000079c680000)
  to   space 20992K, 0% used [0x0000000799d80000,0x0000000799d80000,0x000000079b200000)
 ParOldGen       total 122880K, used 33251K [0x00000006df600000, 0x00000006e6e00000, 0x0000000775200000)
  object space 122880K, 27% used [0x00000006df600000,0x00000006e1678c98,0x00000006e6e00000)
 Metaspace       used 82509K, capacity 88190K, committed 88320K, reserved 1126400K
  class space    used 10469K, capacity 11399K, committed 11520K, reserved 1048576K
Event: 4546.189 GC heap after
Heap after GC invocations=26 (full 4):
 PSYoungGen      total 526336K, used 0K [0x0000000775200000, 0x000000079c680000, 0x00000007c0000000)
  eden space 516096K, 0% used [0x0000000775200000,0x0000000775200000,0x0000000794a00000)
  from space 10240K, 0% used [0x000000079bc80000,0x000000079bc80000,0x000000079c680000)
  to   space 20992K, 0% used [0x0000000799d80000,0x0000000799d80000,0x000000079b200000)
 ParOldGen       total 122880K, used 32070K [0x00000006df600000, 0x00000006e6e00000, 0x0000000775200000)
  object space 122880K, 26% used [0x00000006df600000,0x00000006e1551a48,0x00000006e6e00000)
 Metaspace       used 82350K, capacity 87938K, committed 88320K, reserved 1126400K
  class space    used 10442K, capacity 11351K, committed 11520K, reserved 1048576K
}
Event: 4758.036 GC heap before
{Heap before GC invocations=27 (full 4):
 PSYoungGen      total 526336K, used 516096K [0x0000000775200000, 0x000000079c680000, 0x00000007c0000000)
  eden space 516096K, 100% used [0x0000000775200000,0x0000000794a00000,0x0000000794a00000)
  from space 10240K, 0% used [0x000000079bc80000,0x000000079bc80000,0x000000079c680000)
  to   space 20992K, 0% used [0x0000000799d80000,0x0000000799d80000,0x000000079b200000)
 ParOldGen       total 122880K, used 32070K [0x00000006df600000, 0x00000006e6e00000, 0x0000000775200000)
  object space 122880K, 26% used [0x00000006df600000,0x00000006e1551a48,0x00000006e6e00000)
 Metaspace       used 84588K, capacity 90512K, committed 90752K, reserved 1128448K
  class space    used 10592K, capacity 11550K, committed 11648K, reserved 1048576K
Event: 4758.073 GC heap after
Heap after GC invocations=27 (full 4):
 PSYoungGen      total 546304K, used 14365K [0x0000000775200000, 0x000000079bd00000, 0x00000007c0000000)
  eden space 531456K, 0% used [0x0000000775200000,0x0000000775200000,0x0000000795900000)
  from space 14848K, 96% used [0x0000000799d80000,0x000000079ab87410,0x000000079ac00000)
  to   space 17408K, 0% used [0x000000079ac00000,0x000000079ac00000,0x000000079bd00000)
 ParOldGen       total 122880K, used 32078K [0x00000006df600000, 0x00000006e6e00000, 0x0000000775200000)
  object space 122880K, 26% used [0x00000006df600000,0x00000006e1553a48,0x00000006e6e00000)
 Metaspace       used 84588K, capacity 90512K, committed 90752K, reserved 1128448K
  class space    used 10592K, capacity 11550K, committed 11648K, reserved 1048576K
}
Event: 4851.737 GC heap before
{Heap before GC invocations=28 (full 4):
 PSYoungGen      total 546304K, used 124092K [0x0000000775200000, 0x000000079bd00000, 0x00000007c0000000)
  eden space 531456K, 20% used [0x0000000775200000,0x000000077bd27c78,0x0000000795900000)
  from space 14848K, 96% used [0x0000000799d80000,0x000000079ab87410,0x000000079ac00000)
  to   space 17408K, 0% used [0x000000079ac00000,0x000000079ac00000,0x000000079bd00000)
 ParOldGen       total 122880K, used 32078K [0x00000006df600000, 0x00000006e6e00000, 0x0000000775200000)
  object space 122880K, 26% used [0x00000006df600000,0x00000006e1553a48,0x00000006e6e00000)
 Metaspace       used 84638K, capacity 90582K, committed 90752K, reserved 1128448K
  class space    used 10594K, capacity 11552K, committed 11648K, reserved 1048576K
Event: 4851.759 GC heap after
Heap after GC invocations=28 (full 4):
 PSYoungGen      total 539136K, used 7524K [0x0000000775200000, 0x000000079b380000, 0x00000007c0000000)
  eden space 531456K, 0% used [0x0000000775200000,0x0000000775200000,0x0000000795900000)
  from space 7680K, 97% used [0x000000079ac00000,0x000000079b3593c8,0x000000079b380000)
  to   space 20992K, 0% used [0x0000000798a80000,0x0000000798a80000,0x0000000799f00000)
 ParOldGen       total 122880K, used 32086K [0x00000006df600000, 0x00000006e6e00000, 0x0000000775200000)
  object space 122880K, 26% used [0x00000006df600000,0x00000006e1555a48,0x00000006e6e00000)
 Metaspace       used 84638K, capacity 90582K, committed 90752K, reserved 1128448K
  class space    used 10594K, capacity 11552K, committed 11648K, reserved 1048576K
}
Event: 4851.759 GC heap before
{Heap before GC invocations=29 (full 5):
 PSYoungGen      total 539136K, used 7524K [0x0000000775200000, 0x000000079b380000, 0x00000007c0000000)
  eden space 531456K, 0% used [0x0000000775200000,0x0000000775200000,0x0000000795900000)
  from space 7680K, 97% used [0x000000079ac00000,0x000000079b3593c8,0x000000079b380000)
  to   space 20992K, 0% used [0x0000000798a80000,0x0000000798a80000,0x0000000799f00000)
 ParOldGen       total 122880K, used 32086K [0x00000006df600000, 0x00000006e6e00000, 0x0000000775200000)
  object space 122880K, 26% used [0x00000006df600000,0x00000006e1555a48,0x00000006e6e00000)
 Metaspace       used 84638K, capacity 90582K, committed 90752K, reserved 1128448K
  class space    used 10594K, capacity 11552K, committed 11648K, reserved 1048576K
Event: 4852.585 GC heap after
Heap after GC invocations=29 (full 5):
 PSYoungGen      total 539136K, used 0K [0x0000000775200000, 0x000000079b380000, 0x00000007c0000000)
  eden space 531456K, 0% used [0x0000000775200000,0x0000000775200000,0x0000000795900000)
  from space 7680K, 0% used [0x000000079ac00000,0x000000079ac00000,0x000000079b380000)
  to   space 20992K, 0% used [0x0000000798a80000,0x0000000798a80000,0x0000000799f00000)
 ParOldGen       total 122880K, used 29424K [0x00000006df600000, 0x00000006e6e00000, 0x0000000775200000)
  object space 122880K, 23% used [0x00000006df600000,0x00000006e12bc360,0x00000006e6e00000)
 Metaspace       used 84583K, capacity 90486K, committed 90752K, reserved 1128448K
  class space    used 10584K, capacity 11534K, committed 11648K, reserved 1048576K
}

