# JRE version: Java(TM) SE Runtime Environment (8.0_201-b09) (build 1.8.0_201-b09)
# Java VM: Java HotSpot(TM) 64-Bit Server VM (25.201-b09 mixed mode windows-amd64 compressed oops)
Heap:
 PSYoungGen      total 364032K, used 157928K [0x000000076b200000, 0x0000000783280000, 0x00000007c0000000)
  eden space 348160K, 45% used [0x000000076b200000,0x0000000774c3a0d0,0x0000000780600000)
  from space 15872K, 0% used [0x0000000781580000,0x0000000781580000,0x0000000782500000)
  to   space 15872K, 0% used [0x0000000780600000,0x0000000780600000,0x0000000781580000)
 ParOldGen       total 227840K, used 22441K [0x00000006c1600000, 0x00000006cf480000, 0x000000076b200000)
  object space 227840K, 9% used [0x00000006c1600000,0x00000006c2bea400,0x00000006cf480000)
 Metaspace       used 60570K, capacity 63880K, committed 64128K, reserved 1105920K
  class space    used 7950K, capacity 8502K, committed 8576K, reserved 1048576K
GC Heap History (10 events):
Event: 5.954 GC heap before
{Heap before GC invocations=9 (full 2):
 PSYoungGen      total 205824K, used 8868K [0x000000076b200000, 0x000000077e300000, 0x00000007c0000000)
  eden space 194560K, 0% used [0x000000076b200000,0x000000076b200000,0x0000000777000000)
  from space 11264K, 78% used [0x0000000777000000,0x00000007778a9320,0x0000000777b00000)
  to   space 11264K, 0% used [0x000000077d800000,0x000000077d800000,0x000000077e300000)
 ParOldGen       total 101888K, used 9761K [0x00000006c1600000, 0x00000006c7980000, 0x000000076b200000)
  object space 101888K, 9% used [0x00000006c1600000,0x00000006c1f88790,0x00000006c7980000)
 Metaspace       used 33345K, capacity 35408K, committed 35496K, reserved 1081344K
  class space    used 4220K, capacity 4584K, committed 4608K, reserved 1048576K
Event: 6.010 GC heap after
Heap after GC invocations=9 (full 2):
 PSYoungGen      total 205824K, used 0K [0x000000076b200000, 0x000000077e300000, 0x00000007c0000000)
  eden space 194560K, 0% used [0x000000076b200000,0x000000076b200000,0x0000000777000000)
  from space 11264K, 0% used [0x0000000777000000,0x0000000777000000,0x0000000777b00000)
  to   space 11264K, 0% used [0x000000077d800000,0x000000077d800000,0x000000077e300000)
 ParOldGen       total 158720K, used 13720K [0x00000006c1600000, 0x00000006cb100000, 0x000000076b200000)
  object space 158720K, 8% used [0x00000006c1600000,0x00000006c2366348,0x00000006cb100000)
 Metaspace       used 33345K, capacity 35408K, committed 35496K, reserved 1081344K
  class space    used 4220K, capacity 4584K, committed 4608K, reserved 1048576K
}
Event: 7.733 GC heap before
{Heap before GC invocations=10 (full 2):
 PSYoungGen      total 205824K, used 194560K [0x000000076b200000, 0x000000077e300000, 0x00000007c0000000)
  eden space 194560K, 100% used [0x000000076b200000,0x0000000777000000,0x0000000777000000)
  from space 11264K, 0% used [0x0000000777000000,0x0000000777000000,0x0000000777b00000)
  to   space 11264K, 0% used [0x000000077d800000,0x000000077d800000,0x000000077e300000)
 ParOldGen       total 158720K, used 13720K [0x00000006c1600000, 0x00000006cb100000, 0x000000076b200000)
  object space 158720K, 8% used [0x00000006c1600000,0x00000006c2366348,0x00000006cb100000)
 Metaspace       used 40383K, capacity 42784K, committed 43136K, reserved 1087488K
  class space    used 5045K, capacity 5434K, committed 5504K, reserved 1048576K
Event: 7.742 GC heap after
Heap after GC invocations=10 (full 2):
 PSYoungGen      total 289792K, used 9368K [0x000000076b200000, 0x000000077e180000, 0x00000007c0000000)
  eden space 280064K, 0% used [0x000000076b200000,0x000000076b200000,0x000000077c380000)
  from space 9728K, 96% used [0x000000077d800000,0x000000077e1260d8,0x000000077e180000)
  to   space 11776K, 0% used [0x000000077ca80000,0x000000077ca80000,0x000000077d600000)
 ParOldGen       total 158720K, used 13728K [0x00000006c1600000, 0x00000006cb100000, 0x000000076b200000)
  object space 158720K, 8% used [0x00000006c1600000,0x00000006c2368348,0x00000006cb100000)
 Metaspace       used 40383K, capacity 42784K, committed 43136K, reserved 1087488K
  class space    used 5045K, capacity 5434K, committed 5504K, reserved 1048576K
}
Event: 10.945 GC heap before
{Heap before GC invocations=11 (full 2):
 PSYoungGen      total 289792K, used 289432K [0x000000076b200000, 0x000000077e180000, 0x00000007c0000000)
  eden space 280064K, 100% used [0x000000076b200000,0x000000077c380000,0x000000077c380000)
  from space 9728K, 96% used [0x000000077d800000,0x000000077e1260d8,0x000000077e180000)
  to   space 11776K, 0% used [0x000000077ca80000,0x000000077ca80000,0x000000077d600000)
 ParOldGen       total 158720K, used 13728K [0x00000006c1600000, 0x00000006cb100000, 0x000000076b200000)
  object space 158720K, 8% used [0x00000006c1600000,0x00000006c2368348,0x00000006cb100000)
 Metaspace       used 54232K, capacity 56810K, committed 57088K, reserved 1099776K
  class space    used 7144K, capacity 7589K, committed 7680K, reserved 1048576K
Event: 10.964 GC heap after
Heap after GC invocations=11 (full 2):
 PSYoungGen      total 299008K, used 11769K [0x000000076b200000, 0x0000000782500000, 0x00000007c0000000)
  eden space 287232K, 0% used [0x000000076b200000,0x000000076b200000,0x000000077ca80000)
  from space 11776K, 99% used [0x000000077ca80000,0x000000077d5fe540,0x000000077d600000)
  to   space 15872K, 0% used [0x0000000781580000,0x0000000781580000,0x0000000782500000)
 ParOldGen       total 158720K, used 21358K [0x00000006c1600000, 0x00000006cb100000, 0x000000076b200000)
  object space 158720K, 13% used [0x00000006c1600000,0x00000006c2adbbb8,0x00000006cb100000)
 Metaspace       used 54232K, capacity 56810K, committed 57088K, reserved 1099776K
  class space    used 7144K, capacity 7589K, committed 7680K, reserved 1048576K
}
Event: 11.573 GC heap before
{Heap before GC invocations=12 (full 2):
 PSYoungGen      total 299008K, used 52848K [0x000000076b200000, 0x0000000782500000, 0x00000007c0000000)
  eden space 287232K, 14% used [0x000000076b200000,0x000000076da1db78,0x000000077ca80000)
  from space 11776K, 99% used [0x000000077ca80000,0x000000077d5fe540,0x000000077d600000)
  to   space 15872K, 0% used [0x0000000781580000,0x0000000781580000,0x0000000782500000)
 ParOldGen       total 158720K, used 21358K [0x00000006c1600000, 0x00000006cb100000, 0x000000076b200000)
  object space 158720K, 13% used [0x00000006c1600000,0x00000006c2adbbb8,0x00000006cb100000)
 Metaspace       used 56277K, capacity 58988K, committed 59136K, reserved 1099776K
  class space    used 7374K, capacity 7840K, committed 7936K, reserved 1048576K
Event: 11.583 GC heap after
Heap after GC invocations=12 (full 2):
 PSYoungGen      total 364032K, used 10729K [0x000000076b200000, 0x0000000783280000, 0x00000007c0000000)
  eden space 348160K, 0% used [0x000000076b200000,0x000000076b200000,0x0000000780600000)
  from space 15872K, 67% used [0x0000000781580000,0x0000000781ffa4e0,0x0000000782500000)
  to   space 15872K, 0% used [0x0000000780600000,0x0000000780600000,0x0000000781580000)
 ParOldGen       total 158720K, used 21374K [0x00000006c1600000, 0x00000006cb100000, 0x000000076b200000)
  object space 158720K, 13% used [0x00000006c1600000,0x00000006c2adfbb8,0x00000006cb100000)
 Metaspace       used 56277K, capacity 58988K, committed 59136K, reserved 1099776K
  class space    used 7374K, capacity 7840K, committed 7936K, reserved 1048576K
}
Event: 11.583 GC heap before
{Heap before GC invocations=13 (full 3):
 PSYoungGen      total 364032K, used 10729K [0x000000076b200000, 0x0000000783280000, 0x00000007c0000000)
  eden space 348160K, 0% used [0x000000076b200000,0x000000076b200000,0x0000000780600000)
  from space 15872K, 67% used [0x0000000781580000,0x0000000781ffa4e0,0x0000000782500000)
  to   space 15872K, 0% used [0x0000000780600000,0x0000000780600000,0x0000000781580000)
 ParOldGen       total 158720K, used 21374K [0x00000006c1600000, 0x00000006cb100000, 0x000000076b200000)
  object space 158720K, 13% used [0x00000006c1600000,0x00000006c2adfbb8,0x00000006cb100000)
 Metaspace       used 56277K, capacity 58988K, committed 59136K, reserved 1099776K
  class space    used 7374K, capacity 7840K, committed 7936K, reserved 1048576K
Event: 11.820 GC heap after
Heap after GC invocations=13 (full 3):
 PSYoungGen      total 364032K, used 0K [0x000000076b200000, 0x0000000783280000, 0x00000007c0000000)
  eden space 348160K, 0% used [0x000000076b200000,0x000000076b200000,0x0000000780600000)
  from space 15872K, 0% used [0x0000000781580000,0x0000000781580000,0x0000000782500000)
  to   space 15872K, 0% used [0x0000000780600000,0x0000000780600000,0x0000000781580000)
 ParOldGen       total 227840K, used 22441K [0x00000006c1600000, 0x00000006cf480000, 0x000000076b200000)
  object space 227840K, 9% used [0x00000006c1600000,0x00000006c2bea400,0x00000006cf480000)
 Metaspace       used 56277K, capacity 58988K, committed 59136K, reserved 1099776K
  class space    used 7374K, capacity 7840K, committed 7936K, reserved 1048576K
}

