# JRE version: Java(TM) SE Runtime Environment (8.0_201-b09) (build 1.8.0_201-b09)
# Java VM: Java HotSpot(TM) 64-Bit Server VM (25.201-b09 mixed mode windows-amd64 compressed oops)
Heap:
 PSYoungGen      total 171520K, used 142489K [0x000000076b200000, 0x0000000776900000, 0x00000007c0000000)
  eden space 157696K, 85% used [0x000000076b200000,0x00000007735c82f8,0x0000000774c00000)
  from space 13824K, 54% used [0x0000000775900000,0x000000077605e280,0x0000000776680000)
  to   space 13312K, 0% used [0x0000000774c00000,0x0000000774c00000,0x0000000775900000)
 ParOldGen       total 220672K, used 33231K [0x00000006c1600000, 0x00000006ced80000, 0x000000076b200000)
  object space 220672K, 15% used [0x00000006c1600000,0x00000006c3673cd8,0x00000006ced80000)
 Metaspace       used 96998K, capacity 103333K, committed 103680K, reserved 1140736K
  class space    used 11091K, capacity 12167K, committed 12288K, reserved 1048576K
GC Heap History (10 events):
Event: 9407.726 GC heap before
{Heap before GC invocations=100 (full 13):
 PSYoungGen      total 168448K, used 154112K [0x000000076b200000, 0x0000000776480000, 0x00000007c0000000)
  eden space 154112K, 100% used [0x000000076b200000,0x0000000774880000,0x0000000774880000)
  from space 14336K, 0% used [0x0000000775680000,0x0000000775680000,0x0000000776480000)
  to   space 14336K, 0% used [0x0000000774880000,0x0000000774880000,0x0000000775680000)
 ParOldGen       total 220672K, used 32523K [0x00000006c1600000, 0x00000006ced80000, 0x000000076b200000)
  object space 220672K, 14% used [0x00000006c1600000,0x00000006c35c2fb0,0x00000006ced80000)
 Metaspace       used 94491K, capacity 100909K, committed 101120K, reserved 1138688K
  class space    used 10950K, capacity 12025K, committed 12032K, reserved 1048576K
Event: 9407.733 GC heap after
Heap after GC invocations=100 (full 13):
 PSYoungGen      total 168448K, used 7804K [0x000000076b200000, 0x0000000776700000, 0x00000007c0000000)
  eden space 154112K, 0% used [0x000000076b200000,0x000000076b200000,0x0000000774880000)
  from space 14336K, 54% used [0x0000000774880000,0x000000077501f278,0x0000000775680000)
  to   space 13824K, 0% used [0x0000000775980000,0x0000000775980000,0x0000000776700000)
 ParOldGen       total 220672K, used 32531K [0x00000006c1600000, 0x00000006ced80000, 0x000000076b200000)
  object space 220672K, 14% used [0x00000006c1600000,0x00000006c35c4fb0,0x00000006ced80000)
 Metaspace       used 94491K, capacity 100909K, committed 101120K, reserved 1138688K
  class space    used 10950K, capacity 12025K, committed 12032K, reserved 1048576K
}
Event: 9426.539 GC heap before
{Heap before GC invocations=101 (full 13):
 PSYoungGen      total 168448K, used 161916K [0x000000076b200000, 0x0000000776700000, 0x00000007c0000000)
  eden space 154112K, 100% used [0x000000076b200000,0x0000000774880000,0x0000000774880000)
  from space 14336K, 54% used [0x0000000774880000,0x000000077501f278,0x0000000775680000)
  to   space 13824K, 0% used [0x0000000775980000,0x0000000775980000,0x0000000776700000)
 ParOldGen       total 220672K, used 32531K [0x00000006c1600000, 0x00000006ced80000, 0x000000076b200000)
  object space 220672K, 14% used [0x00000006c1600000,0x00000006c35c4fb0,0x00000006ced80000)
 Metaspace       used 95310K, capacity 101667K, committed 102016K, reserved 1138688K
  class space    used 10993K, capacity 12060K, committed 12160K, reserved 1048576K
Event: 9426.548 GC heap after
Heap after GC invocations=101 (full 13):
 PSYoungGen      total 170496K, used 9541K [0x000000076b200000, 0x0000000776680000, 0x00000007c0000000)
  eden space 157184K, 0% used [0x000000076b200000,0x000000076b200000,0x0000000774b80000)
  from space 13312K, 71% used [0x0000000775980000,0x00000007762d1540,0x0000000776680000)
  to   space 13824K, 0% used [0x0000000774b80000,0x0000000774b80000,0x0000000775900000)
 ParOldGen       total 220672K, used 32539K [0x00000006c1600000, 0x00000006ced80000, 0x000000076b200000)
  object space 220672K, 14% used [0x00000006c1600000,0x00000006c35c6fb0,0x00000006ced80000)
 Metaspace       used 95310K, capacity 101667K, committed 102016K, reserved 1138688K
  class space    used 10993K, capacity 12060K, committed 12160K, reserved 1048576K
}
Event: 9432.474 GC heap before
{Heap before GC invocations=102 (full 13):
 PSYoungGen      total 170496K, used 23718K [0x000000076b200000, 0x0000000776680000, 0x00000007c0000000)
  eden space 157184K, 9% used [0x000000076b200000,0x000000076bfd8480,0x0000000774b80000)
  from space 13312K, 71% used [0x0000000775980000,0x00000007762d1540,0x0000000776680000)
  to   space 13824K, 0% used [0x0000000774b80000,0x0000000774b80000,0x0000000775900000)
 ParOldGen       total 220672K, used 32539K [0x00000006c1600000, 0x00000006ced80000, 0x000000076b200000)
  object space 220672K, 14% used [0x00000006c1600000,0x00000006c35c6fb0,0x00000006ced80000)
 Metaspace       used 95500K, capacity 101801K, committed 102016K, reserved 1138688K
  class space    used 11000K, capacity 12062K, committed 12160K, reserved 1048576K
Event: 9432.479 GC heap after
Heap after GC invocations=102 (full 13):
 PSYoungGen      total 171008K, used 4356K [0x000000076b200000, 0x0000000776680000, 0x00000007c0000000)
  eden space 157184K, 0% used [0x000000076b200000,0x000000076b200000,0x0000000774b80000)
  from space 13824K, 31% used [0x0000000774b80000,0x0000000774fc13c8,0x0000000775900000)
  to   space 13824K, 0% used [0x0000000775900000,0x0000000775900000,0x0000000776680000)
 ParOldGen       total 220672K, used 32547K [0x00000006c1600000, 0x00000006ced80000, 0x000000076b200000)
  object space 220672K, 14% used [0x00000006c1600000,0x00000006c35c8fb0,0x00000006ced80000)
 Metaspace       used 95500K, capacity 101801K, committed 102016K, reserved 1138688K
  class space    used 11000K, capacity 12062K, committed 12160K, reserved 1048576K
}
Event: 9432.479 GC heap before
{Heap before GC invocations=103 (full 14):
 PSYoungGen      total 171008K, used 4356K [0x000000076b200000, 0x0000000776680000, 0x00000007c0000000)
  eden space 157184K, 0% used [0x000000076b200000,0x000000076b200000,0x0000000774b80000)
  from space 13824K, 31% used [0x0000000774b80000,0x0000000774fc13c8,0x0000000775900000)
  to   space 13824K, 0% used [0x0000000775900000,0x0000000775900000,0x0000000776680000)
 ParOldGen       total 220672K, used 32547K [0x00000006c1600000, 0x00000006ced80000, 0x000000076b200000)
  object space 220672K, 14% used [0x00000006c1600000,0x00000006c35c8fb0,0x00000006ced80000)
 Metaspace       used 95500K, capacity 101801K, committed 102016K, reserved 1138688K
  class space    used 11000K, capacity 12062K, committed 12160K, reserved 1048576K
Event: 9432.774 GC heap after
Heap after GC invocations=103 (full 14):
 PSYoungGen      total 171008K, used 0K [0x000000076b200000, 0x0000000776680000, 0x00000007c0000000)
  eden space 157184K, 0% used [0x000000076b200000,0x000000076b200000,0x0000000774b80000)
  from space 13824K, 0% used [0x0000000774b80000,0x0000000774b80000,0x0000000775900000)
  to   space 13824K, 0% used [0x0000000775900000,0x0000000775900000,0x0000000776680000)
 ParOldGen       total 220672K, used 33223K [0x00000006c1600000, 0x00000006ced80000, 0x000000076b200000)
  object space 220672K, 15% used [0x00000006c1600000,0x00000006c3671cd8,0x00000006ced80000)
 Metaspace       used 95498K, capacity 101795K, committed 102016K, reserved 1138688K
  class space    used 10999K, capacity 12060K, committed 12160K, reserved 1048576K
}
Event: 9433.889 GC heap before
{Heap before GC invocations=104 (full 14):
 PSYoungGen      total 171008K, used 157184K [0x000000076b200000, 0x0000000776680000, 0x00000007c0000000)
  eden space 157184K, 100% used [0x000000076b200000,0x0000000774b80000,0x0000000774b80000)
  from space 13824K, 0% used [0x0000000774b80000,0x0000000774b80000,0x0000000775900000)
  to   space 13824K, 0% used [0x0000000775900000,0x0000000775900000,0x0000000776680000)
 ParOldGen       total 220672K, used 33223K [0x00000006c1600000, 0x00000006ced80000, 0x000000076b200000)
  object space 220672K, 15% used [0x00000006c1600000,0x00000006c3671cd8,0x00000006ced80000)
 Metaspace       used 96126K, capacity 102511K, committed 102784K, reserved 1140736K
  class space    used 11046K, capacity 12132K, committed 12160K, reserved 1048576K
Event: 9433.894 GC heap after
Heap after GC invocations=104 (full 14):
 PSYoungGen      total 171520K, used 7544K [0x000000076b200000, 0x0000000776900000, 0x00000007c0000000)
  eden space 157696K, 0% used [0x000000076b200000,0x000000076b200000,0x0000000774c00000)
  from space 13824K, 54% used [0x0000000775900000,0x000000077605e280,0x0000000776680000)
  to   space 13312K, 0% used [0x0000000774c00000,0x0000000774c00000,0x0000000775900000)
 ParOldGen       total 220672K, used 33231K [0x00000006c1600000, 0x00000006ced80000, 0x000000076b200000)
  object space 220672K, 15% used [0x00000006c1600000,0x00000006c3673cd8,0x00000006ced80000)
 Metaspace       used 96126K, capacity 102511K, committed 102784K, reserved 1140736K
  class space    used 11046K, capacity 12132K, committed 12160K, reserved 1048576K
}

