# JRE version: Java(TM) SE Runtime Environment (8.0_201-b09) (build 1.8.0_201-b09)
# Java VM: Java HotSpot(TM) 64-Bit Server VM (25.201-b09 mixed mode windows-amd64 compressed oops)
Heap:
 PSYoungGen      total 172032K, used 8806K [0x0000000775200000, 0x0000000781000000, 0x00000007c0000000)
  eden space 154112K, 5% used [0x0000000775200000,0x0000000775a99a38,0x000000077e880000)
  from space 17920K, 0% used [0x000000077fa80000,0x000000077fa80000,0x0000000780c00000)
  to   space 18432K, 0% used [0x000000077e880000,0x000000077e880000,0x000000077fa80000)
 ParOldGen       total 262144K, used 23574K [0x00000006df600000, 0x00000006ef600000, 0x0000000775200000)
  object space 262144K, 8% used [0x00000006df600000,0x00000006e0d05a30,0x00000006ef600000)
 Metaspace       used 56274K, capacity 59264K, committed 59432K, reserved 1099776K
  class space    used 7581K, capacity 8106K, committed 8232K, reserved 1048576K
GC Heap History (10 events):
Event: 16.752 GC heap before
{Heap before GC invocations=9 (full 2):
 PSYoungGen      total 123392K, used 110080K [0x0000000775200000, 0x0000000780100000, 0x00000007c0000000)
  eden space 110080K, 100% used [0x0000000775200000,0x000000077bd80000,0x000000077bd80000)
  from space 13312K, 0% used [0x000000077cb80000,0x000000077cb80000,0x000000077d880000)
  to   space 14336K, 0% used [0x000000077bd80000,0x000000077bd80000,0x000000077cb80000)
 ParOldGen       total 179200K, used 16450K [0x00000006df600000, 0x00000006ea500000, 0x0000000775200000)
  object space 179200K, 9% used [0x00000006df600000,0x00000006e0610a20,0x00000006ea500000)
 Metaspace       used 35648K, capacity 37948K, committed 38184K, reserved 1083392K
  class space    used 4656K, capacity 5052K, committed 5160K, reserved 1048576K
Event: 16.770 GC heap after
Heap after GC invocations=9 (full 2):
 PSYoungGen      total 124416K, used 3475K [0x0000000775200000, 0x000000077f480000, 0x00000007c0000000)
  eden space 110080K, 0% used [0x0000000775200000,0x0000000775200000,0x000000077bd80000)
  from space 14336K, 24% used [0x000000077bd80000,0x000000077c0e4d88,0x000000077cb80000)
  to   space 14336K, 0% used [0x000000077e680000,0x000000077e680000,0x000000077f480000)
 ParOldGen       total 179200K, used 16458K [0x00000006df600000, 0x00000006ea500000, 0x0000000775200000)
  object space 179200K, 9% used [0x00000006df600000,0x00000006e0612a20,0x00000006ea500000)
 Metaspace       used 35648K, capacity 37948K, committed 38184K, reserved 1083392K
  class space    used 4656K, capacity 5052K, committed 5160K, reserved 1048576K
}
Event: 21.812 GC heap before
{Heap before GC invocations=10 (full 2):
 PSYoungGen      total 124416K, used 113555K [0x0000000775200000, 0x000000077f480000, 0x00000007c0000000)
  eden space 110080K, 100% used [0x0000000775200000,0x000000077bd80000,0x000000077bd80000)
  from space 14336K, 24% used [0x000000077bd80000,0x000000077c0e4d88,0x000000077cb80000)
  to   space 14336K, 0% used [0x000000077e680000,0x000000077e680000,0x000000077f480000)
 ParOldGen       total 179200K, used 16458K [0x00000006df600000, 0x00000006ea500000, 0x0000000775200000)
  object space 179200K, 9% used [0x00000006df600000,0x00000006e0612a20,0x00000006ea500000)
 Metaspace       used 45209K, capacity 47692K, committed 48040K, reserved 1091584K
  class space    used 6048K, capacity 6470K, committed 6568K, reserved 1048576K
Event: 21.843 GC heap after
Heap after GC invocations=10 (full 2):
 PSYoungGen      total 150016K, used 12593K [0x0000000775200000, 0x000000077f580000, 0x00000007c0000000)
  eden space 135680K, 0% used [0x0000000775200000,0x0000000775200000,0x000000077d680000)
  from space 14336K, 87% used [0x000000077e680000,0x000000077f2cc548,0x000000077f480000)
  to   space 15872K, 0% used [0x000000077d680000,0x000000077d680000,0x000000077e600000)
 ParOldGen       total 179200K, used 16466K [0x00000006df600000, 0x00000006ea500000, 0x0000000775200000)
  object space 179200K, 9% used [0x00000006df600000,0x00000006e0614a20,0x00000006ea500000)
 Metaspace       used 45209K, capacity 47692K, committed 48040K, reserved 1091584K
  class space    used 6048K, capacity 6470K, committed 6568K, reserved 1048576K
}
Event: 25.899 GC heap before
{Heap before GC invocations=11 (full 2):
 PSYoungGen      total 150016K, used 148273K [0x0000000775200000, 0x000000077f580000, 0x00000007c0000000)
  eden space 135680K, 100% used [0x0000000775200000,0x000000077d680000,0x000000077d680000)
  from space 14336K, 87% used [0x000000077e680000,0x000000077f2cc548,0x000000077f480000)
  to   space 15872K, 0% used [0x000000077d680000,0x000000077d680000,0x000000077e600000)
 ParOldGen       total 179200K, used 16466K [0x00000006df600000, 0x00000006ea500000, 0x0000000775200000)
  object space 179200K, 9% used [0x00000006df600000,0x00000006e0614a20,0x00000006ea500000)
 Metaspace       used 53738K, capacity 56336K, committed 56744K, reserved 1097728K
  class space    used 7276K, capacity 7764K, committed 7848K, reserved 1048576K
Event: 25.934 GC heap after
Heap after GC invocations=11 (full 2):
 PSYoungGen      total 151552K, used 15427K [0x0000000775200000, 0x0000000780c00000, 0x00000007c0000000)
  eden space 135680K, 0% used [0x0000000775200000,0x0000000775200000,0x000000077d680000)
  from space 15872K, 97% used [0x000000077d680000,0x000000077e590e48,0x000000077e600000)
  to   space 17920K, 0% used [0x000000077fa80000,0x000000077fa80000,0x0000000780c00000)
 ParOldGen       total 179200K, used 16482K [0x00000006df600000, 0x00000006ea500000, 0x0000000775200000)
  object space 179200K, 9% used [0x00000006df600000,0x00000006e0618a20,0x00000006ea500000)
 Metaspace       used 53738K, capacity 56336K, committed 56744K, reserved 1097728K
  class space    used 7276K, capacity 7764K, committed 7848K, reserved 1048576K
}
Event: 28.368 GC heap before
{Heap before GC invocations=12 (full 2):
 PSYoungGen      total 151552K, used 53102K [0x0000000775200000, 0x0000000780c00000, 0x00000007c0000000)
  eden space 135680K, 27% used [0x0000000775200000,0x00000007776caa00,0x000000077d680000)
  from space 15872K, 97% used [0x000000077d680000,0x000000077e590e48,0x000000077e600000)
  to   space 17920K, 0% used [0x000000077fa80000,0x000000077fa80000,0x0000000780c00000)
 ParOldGen       total 179200K, used 16482K [0x00000006df600000, 0x00000006ea500000, 0x0000000775200000)
  object space 179200K, 9% used [0x00000006df600000,0x00000006e0618a20,0x00000006ea500000)
 Metaspace       used 56201K, capacity 59158K, committed 59160K, reserved 1099776K
  class space    used 7580K, capacity 8103K, committed 8104K, reserved 1048576K
Event: 28.407 GC heap after
Heap after GC invocations=12 (full 2):
 PSYoungGen      total 172032K, used 11373K [0x0000000775200000, 0x0000000781000000, 0x00000007c0000000)
  eden space 154112K, 0% used [0x0000000775200000,0x0000000775200000,0x000000077e880000)
  from space 17920K, 63% used [0x000000077fa80000,0x000000078059b710,0x0000000780c00000)
  to   space 18432K, 0% used [0x000000077e880000,0x000000077e880000,0x000000077fa80000)
 ParOldGen       total 179200K, used 16490K [0x00000006df600000, 0x00000006ea500000, 0x0000000775200000)
  object space 179200K, 9% used [0x00000006df600000,0x00000006e061aa20,0x00000006ea500000)
 Metaspace       used 56201K, capacity 59158K, committed 59160K, reserved 1099776K
  class space    used 7580K, capacity 8103K, committed 8104K, reserved 1048576K
}
Event: 28.407 GC heap before
{Heap before GC invocations=13 (full 3):
 PSYoungGen      total 172032K, used 11373K [0x0000000775200000, 0x0000000781000000, 0x00000007c0000000)
  eden space 154112K, 0% used [0x0000000775200000,0x0000000775200000,0x000000077e880000)
  from space 17920K, 63% used [0x000000077fa80000,0x000000078059b710,0x0000000780c00000)
  to   space 18432K, 0% used [0x000000077e880000,0x000000077e880000,0x000000077fa80000)
 ParOldGen       total 179200K, used 16490K [0x00000006df600000, 0x00000006ea500000, 0x0000000775200000)
  object space 179200K, 9% used [0x00000006df600000,0x00000006e061aa20,0x00000006ea500000)
 Metaspace       used 56201K, capacity 59158K, committed 59160K, reserved 1099776K
  class space    used 7580K, capacity 8103K, committed 8104K, reserved 1048576K
Event: 29.144 GC heap after
Heap after GC invocations=13 (full 3):
 PSYoungGen      total 172032K, used 0K [0x0000000775200000, 0x0000000781000000, 0x00000007c0000000)
  eden space 154112K, 0% used [0x0000000775200000,0x0000000775200000,0x000000077e880000)
  from space 17920K, 0% used [0x000000077fa80000,0x000000077fa80000,0x0000000780c00000)
  to   space 18432K, 0% used [0x000000077e880000,0x000000077e880000,0x000000077fa80000)
 ParOldGen       total 262144K, used 23574K [0x00000006df600000, 0x00000006ef600000, 0x0000000775200000)
  object space 262144K, 8% used [0x00000006df600000,0x00000006e0d05a30,0x00000006ef600000)
 Metaspace       used 56201K, capacity 59158K, committed 59160K, reserved 1099776K
  class space    used 7580K, capacity 8103K, committed 8104K, reserved 1048576K
}

