# JRE version: Java(TM) SE Runtime Environment (8.0_201-b09) (build 1.8.0_201-b09)
# Java VM: Java HotSpot(TM) 64-Bit Server VM (25.201-b09 mixed mode windows-amd64 compressed oops)
Heap:
 PSYoungGen      total 327168K, used 201052K [0x0000000775200000, 0x000000078db80000, 0x00000007c0000000)
  eden space 313856K, 64% used [0x0000000775200000,0x0000000781657168,0x0000000788480000)
  from space 13312K, 0% used [0x0000000789100000,0x0000000789100000,0x0000000789e00000)
  to   space 12800K, 0% used [0x0000000788480000,0x0000000788480000,0x0000000789100000)
 ParOldGen       total 116736K, used 12803K [0x00000006df600000, 0x00000006e6800000, 0x0000000775200000)
  object space 116736K, 10% used [0x00000006df600000,0x00000006e0280d18,0x00000006e6800000)
 Metaspace       used 40172K, capacity 42548K, committed 42624K, reserved 1087488K
  class space    used 5077K, capacity 5468K, committed 5504K, reserved 1048576K
GC Heap History (10 events):
Event: 6.623 GC heap before
{Heap before GC invocations=6 (full 1):
 PSYoungGen      total 125952K, used 5879K [0x0000000775200000, 0x0000000784b00000, 0x00000007c0000000)
  eden space 116736K, 0% used [0x0000000775200000,0x0000000775200000,0x000000077c400000)
  from space 9216K, 63% used [0x000000077c400000,0x000000077c9bdf30,0x000000077cd00000)
  to   space 10752K, 0% used [0x0000000784080000,0x0000000784080000,0x0000000784b00000)
 ParOldGen       total 154624K, used 879K [0x00000006df600000, 0x00000006e8d00000, 0x0000000775200000)
  object space 154624K, 0% used [0x00000006df600000,0x00000006df6dbe20,0x00000006e8d00000)
 Metaspace       used 20268K, capacity 21078K, committed 21296K, reserved 1069056K
  class space    used 2395K, capacity 2602K, committed 2688K, reserved 1048576K
Event: 6.731 GC heap after
Heap after GC invocations=6 (full 1):
 PSYoungGen      total 125952K, used 0K [0x0000000775200000, 0x0000000784b00000, 0x00000007c0000000)
  eden space 116736K, 0% used [0x0000000775200000,0x0000000775200000,0x000000077c400000)
  from space 9216K, 0% used [0x000000077c400000,0x000000077c400000,0x000000077cd00000)
  to   space 10752K, 0% used [0x0000000784080000,0x0000000784080000,0x0000000784b00000)
 ParOldGen       total 81920K, used 5789K [0x00000006df600000, 0x00000006e4600000, 0x0000000775200000)
  object space 81920K, 7% used [0x00000006df600000,0x00000006dfba7660,0x00000006e4600000)
 Metaspace       used 20268K, capacity 21078K, committed 21296K, reserved 1069056K
  class space    used 2395K, capacity 2602K, committed 2688K, reserved 1048576K
}
Event: 9.583 GC heap before
{Heap before GC invocations=7 (full 1):
 PSYoungGen      total 125952K, used 116736K [0x0000000775200000, 0x0000000784b00000, 0x00000007c0000000)
  eden space 116736K, 100% used [0x0000000775200000,0x000000077c400000,0x000000077c400000)
  from space 9216K, 0% used [0x000000077c400000,0x000000077c400000,0x000000077cd00000)
  to   space 10752K, 0% used [0x0000000784080000,0x0000000784080000,0x0000000784b00000)
 ParOldGen       total 81920K, used 5789K [0x00000006df600000, 0x00000006e4600000, 0x0000000775200000)
  object space 81920K, 7% used [0x00000006df600000,0x00000006dfba7660,0x00000006e4600000)
 Metaspace       used 24560K, capacity 25604K, committed 25728K, reserved 1071104K
  class space    used 2950K, capacity 3183K, committed 3200K, reserved 1048576K
Event: 9.598 GC heap after
Heap after GC invocations=7 (full 1):
 PSYoungGen      total 200704K, used 5951K [0x0000000775200000, 0x0000000784680000, 0x00000007c0000000)
  eden space 194560K, 0% used [0x0000000775200000,0x0000000775200000,0x0000000781000000)
  from space 6144K, 96% used [0x0000000784080000,0x000000078464fc00,0x0000000784680000)
  to   space 10240K, 0% used [0x0000000783280000,0x0000000783280000,0x0000000783c80000)
 ParOldGen       total 81920K, used 5797K [0x00000006df600000, 0x00000006e4600000, 0x0000000775200000)
  object space 81920K, 7% used [0x00000006df600000,0x00000006dfba9660,0x00000006e4600000)
 Metaspace       used 24560K, capacity 25604K, committed 25728K, reserved 1071104K
  class space    used 2950K, capacity 3183K, committed 3200K, reserved 1048576K
}
Event: 15.610 GC heap before
{Heap before GC invocations=8 (full 1):
 PSYoungGen      total 200704K, used 200511K [0x0000000775200000, 0x0000000784680000, 0x00000007c0000000)
  eden space 194560K, 100% used [0x0000000775200000,0x0000000781000000,0x0000000781000000)
  from space 6144K, 96% used [0x0000000784080000,0x000000078464fc00,0x0000000784680000)
  to   space 10240K, 0% used [0x0000000783280000,0x0000000783280000,0x0000000783c80000)
 ParOldGen       total 81920K, used 5797K [0x00000006df600000, 0x00000006e4600000, 0x0000000775200000)
  object space 81920K, 7% used [0x00000006df600000,0x00000006dfba9660,0x00000006e4600000)
 Metaspace       used 31921K, capacity 33666K, committed 33792K, reserved 1079296K
  class space    used 4030K, capacity 4345K, committed 4352K, reserved 1048576K
Event: 15.648 GC heap after
Heap after GC invocations=8 (full 1):
 PSYoungGen      total 240128K, used 10222K [0x0000000775200000, 0x0000000789e00000, 0x00000007c0000000)
  eden space 229888K, 0% used [0x0000000775200000,0x0000000775200000,0x0000000783280000)
  from space 10240K, 99% used [0x0000000783280000,0x0000000783c7bbd8,0x0000000783c80000)
  to   space 13312K, 0% used [0x0000000789100000,0x0000000789100000,0x0000000789e00000)
 ParOldGen       total 81920K, used 9727K [0x00000006df600000, 0x00000006e4600000, 0x0000000775200000)
  object space 81920K, 11% used [0x00000006df600000,0x00000006dff7ff48,0x00000006e4600000)
 Metaspace       used 31921K, capacity 33666K, committed 33792K, reserved 1079296K
  class space    used 4030K, capacity 4345K, committed 4352K, reserved 1048576K
}
Event: 16.146 GC heap before
{Heap before GC invocations=9 (full 1):
 PSYoungGen      total 240128K, used 31341K [0x0000000775200000, 0x0000000789e00000, 0x00000007c0000000)
  eden space 229888K, 9% used [0x0000000775200000,0x000000077669fa98,0x0000000783280000)
  from space 10240K, 99% used [0x0000000783280000,0x0000000783c7bbd8,0x0000000783c80000)
  to   space 13312K, 0% used [0x0000000789100000,0x0000000789100000,0x0000000789e00000)
 ParOldGen       total 81920K, used 9727K [0x00000006df600000, 0x00000006e4600000, 0x0000000775200000)
  object space 81920K, 11% used [0x00000006df600000,0x00000006dff7ff48,0x00000006e4600000)
 Metaspace       used 33711K, capacity 35362K, committed 35496K, reserved 1081344K
  class space    used 4292K, capacity 4607K, committed 4608K, reserved 1048576K
Event: 16.167 GC heap after
Heap after GC invocations=9 (full 1):
 PSYoungGen      total 327168K, used 7805K [0x0000000775200000, 0x000000078db80000, 0x00000007c0000000)
  eden space 313856K, 0% used [0x0000000775200000,0x0000000775200000,0x0000000788480000)
  from space 13312K, 58% used [0x0000000789100000,0x000000078989f450,0x0000000789e00000)
  to   space 12800K, 0% used [0x0000000788480000,0x0000000788480000,0x0000000789100000)
 ParOldGen       total 81920K, used 9735K [0x00000006df600000, 0x00000006e4600000, 0x0000000775200000)
  object space 81920K, 11% used [0x00000006df600000,0x00000006dff81f48,0x00000006e4600000)
 Metaspace       used 33711K, capacity 35362K, committed 35496K, reserved 1081344K
  class space    used 4292K, capacity 4607K, committed 4608K, reserved 1048576K
}
Event: 16.167 GC heap before
{Heap before GC invocations=10 (full 2):
 PSYoungGen      total 327168K, used 7805K [0x0000000775200000, 0x000000078db80000, 0x00000007c0000000)
  eden space 313856K, 0% used [0x0000000775200000,0x0000000775200000,0x0000000788480000)
  from space 13312K, 58% used [0x0000000789100000,0x000000078989f450,0x0000000789e00000)
  to   space 12800K, 0% used [0x0000000788480000,0x0000000788480000,0x0000000789100000)
 ParOldGen       total 81920K, used 9735K [0x00000006df600000, 0x00000006e4600000, 0x0000000775200000)
  object space 81920K, 11% used [0x00000006df600000,0x00000006dff81f48,0x00000006e4600000)
 Metaspace       used 33711K, capacity 35362K, committed 35496K, reserved 1081344K
  class space    used 4292K, capacity 4607K, committed 4608K, reserved 1048576K
Event: 16.297 GC heap after
Heap after GC invocations=10 (full 2):
 PSYoungGen      total 327168K, used 0K [0x0000000775200000, 0x000000078db80000, 0x00000007c0000000)
  eden space 313856K, 0% used [0x0000000775200000,0x0000000775200000,0x0000000788480000)
  from space 13312K, 0% used [0x0000000789100000,0x0000000789100000,0x0000000789e00000)
  to   space 12800K, 0% used [0x0000000788480000,0x0000000788480000,0x0000000789100000)
 ParOldGen       total 116736K, used 12803K [0x00000006df600000, 0x00000006e6800000, 0x0000000775200000)
  object space 116736K, 10% used [0x00000006df600000,0x00000006e0280d18,0x00000006e6800000)
 Metaspace       used 33711K, capacity 35362K, committed 35496K, reserved 1081344K
  class space    used 4292K, capacity 4607K, committed 4608K, reserved 1048576K
}

