# JRE version: Java(TM) SE Runtime Environment (8.0_201-b09) (build 1.8.0_201-b09)
# Java VM: Java HotSpot(TM) 64-Bit Server VM (25.201-b09 mixed mode windows-amd64 compressed oops)
Heap:
 PSYoungGen      total 207360K, used 114314K [0x0000000775200000, 0x0000000784600000, 0x00000007c0000000)
  eden space 200192K, 53% used [0x0000000775200000,0x000000077bb083c8,0x0000000781580000)
  from space 7168K, 94% used [0x0000000783f00000,0x000000078459a700,0x0000000784600000)
  to   space 9216K, 0% used [0x0000000783400000,0x0000000783400000,0x0000000783d00000)
 ParOldGen       total 78336K, used 5430K [0x00000006df600000, 0x00000006e4280000, 0x0000000775200000)
  object space 78336K, 6% used [0x00000006df600000,0x00000006dfb4d838,0x00000006e4280000)
 Metaspace       used 27652K, capacity 28980K, committed 29056K, reserved 1075200K
  class space    used 3339K, capacity 3640K, committed 3712K, reserved 1048576K
GC Heap History (10 events):
Event: 8.522 GC heap before
{Heap before GC invocations=3 (full 0):
 PSYoungGen      total 67584K, used 62902K [0x0000000775200000, 0x0000000779d00000, 0x00000007c0000000)
  eden space 58368K, 100% used [0x0000000775200000,0x0000000778b00000,0x0000000778b00000)
  from space 9216K, 49% used [0x0000000779400000,0x000000077986daa0,0x0000000779d00000)
  to   space 9216K, 0% used [0x0000000778b00000,0x0000000778b00000,0x0000000779400000)
 ParOldGen       total 154624K, used 24K [0x00000006df600000, 0x00000006e8d00000, 0x0000000775200000)
  object space 154624K, 0% used [0x00000006df600000,0x00000006df606000,0x00000006e8d00000)
 Metaspace       used 16173K, capacity 16972K, committed 17280K, reserved 1064960K
  class space    used 1915K, capacity 2097K, committed 2176K, reserved 1048576K
Event: 8.690 GC heap after
Heap after GC invocations=3 (full 0):
 PSYoungGen      total 67584K, used 7025K [0x0000000775200000, 0x000000077d600000, 0x00000007c0000000)
  eden space 58368K, 0% used [0x0000000775200000,0x0000000775200000,0x0000000778b00000)
  from space 9216K, 76% used [0x0000000778b00000,0x00000007791dc430,0x0000000779400000)
  to   space 9216K, 0% used [0x000000077cd00000,0x000000077cd00000,0x000000077d600000)
 ParOldGen       total 154624K, used 32K [0x00000006df600000, 0x00000006e8d00000, 0x0000000775200000)
  object space 154624K, 0% used [0x00000006df600000,0x00000006df608000,0x00000006e8d00000)
 Metaspace       used 16173K, capacity 16972K, committed 17280K, reserved 1064960K
  class space    used 1915K, capacity 2097K, committed 2176K, reserved 1048576K
}
Event: 10.052 GC heap before
{Heap before GC invocations=4 (full 0):
 PSYoungGen      total 67584K, used 65393K [0x0000000775200000, 0x000000077d600000, 0x00000007c0000000)
  eden space 58368K, 100% used [0x0000000775200000,0x0000000778b00000,0x0000000778b00000)
  from space 9216K, 76% used [0x0000000778b00000,0x00000007791dc430,0x0000000779400000)
  to   space 9216K, 0% used [0x000000077cd00000,0x000000077cd00000,0x000000077d600000)
 ParOldGen       total 154624K, used 32K [0x00000006df600000, 0x00000006e8d00000, 0x0000000775200000)
  object space 154624K, 0% used [0x00000006df600000,0x00000006df608000,0x00000006e8d00000)
 Metaspace       used 19638K, capacity 20438K, committed 20736K, reserved 1067008K
  class space    used 2346K, capacity 2538K, committed 2560K, reserved 1048576K
Event: 10.107 GC heap after
Heap after GC invocations=4 (full 0):
 PSYoungGen      total 125952K, used 8473K [0x0000000775200000, 0x000000077d600000, 0x00000007c0000000)
  eden space 116736K, 0% used [0x0000000775200000,0x0000000775200000,0x000000077c400000)
  from space 9216K, 91% used [0x000000077cd00000,0x000000077d546600,0x000000077d600000)
  to   space 9216K, 0% used [0x000000077c400000,0x000000077c400000,0x000000077cd00000)
 ParOldGen       total 154624K, used 40K [0x00000006df600000, 0x00000006e8d00000, 0x0000000775200000)
  object space 154624K, 0% used [0x00000006df600000,0x00000006df60a000,0x00000006e8d00000)
 Metaspace       used 19638K, capacity 20438K, committed 20736K, reserved 1067008K
  class space    used 2346K, capacity 2538K, committed 2560K, reserved 1048576K
}
Event: 10.326 GC heap before
{Heap before GC invocations=5 (full 0):
 PSYoungGen      total 125952K, used 17912K [0x0000000775200000, 0x000000077d600000, 0x00000007c0000000)
  eden space 116736K, 8% used [0x0000000775200000,0x0000000775b37c18,0x000000077c400000)
  from space 9216K, 91% used [0x000000077cd00000,0x000000077d546600,0x000000077d600000)
  to   space 9216K, 0% used [0x000000077c400000,0x000000077c400000,0x000000077cd00000)
 ParOldGen       total 154624K, used 40K [0x00000006df600000, 0x00000006e8d00000, 0x0000000775200000)
  object space 154624K, 0% used [0x00000006df600000,0x00000006df60a000,0x00000006e8d00000)
 Metaspace       used 20208K, capacity 21078K, committed 21296K, reserved 1069056K
  class space    used 2395K, capacity 2602K, committed 2688K, reserved 1048576K
Event: 10.355 GC heap after
Heap after GC invocations=5 (full 0):
 PSYoungGen      total 125952K, used 5616K [0x0000000775200000, 0x0000000784800000, 0x00000007c0000000)
  eden space 116736K, 0% used [0x0000000775200000,0x0000000775200000,0x000000077c400000)
  from space 9216K, 60% used [0x000000077c400000,0x000000077c97c088,0x000000077cd00000)
  to   space 9216K, 0% used [0x0000000783f00000,0x0000000783f00000,0x0000000784800000)
 ParOldGen       total 154624K, used 48K [0x00000006df600000, 0x00000006e8d00000, 0x0000000775200000)
  object space 154624K, 0% used [0x00000006df600000,0x00000006df60c000,0x00000006e8d00000)
 Metaspace       used 20208K, capacity 21078K, committed 21296K, reserved 1069056K
  class space    used 2395K, capacity 2602K, committed 2688K, reserved 1048576K
}
Event: 10.355 GC heap before
{Heap before GC invocations=6 (full 1):
 PSYoungGen      total 125952K, used 5616K [0x0000000775200000, 0x0000000784800000, 0x00000007c0000000)
  eden space 116736K, 0% used [0x0000000775200000,0x0000000775200000,0x000000077c400000)
  from space 9216K, 60% used [0x000000077c400000,0x000000077c97c088,0x000000077cd00000)
  to   space 9216K, 0% used [0x0000000783f00000,0x0000000783f00000,0x0000000784800000)
 ParOldGen       total 154624K, used 48K [0x00000006df600000, 0x00000006e8d00000, 0x0000000775200000)
  object space 154624K, 0% used [0x00000006df600000,0x00000006df60c000,0x00000006e8d00000)
 Metaspace       used 20208K, capacity 21078K, committed 21296K, reserved 1069056K
  class space    used 2395K, capacity 2602K, committed 2688K, reserved 1048576K
Event: 10.506 GC heap after
Heap after GC invocations=6 (full 1):
 PSYoungGen      total 125952K, used 0K [0x0000000775200000, 0x0000000784800000, 0x00000007c0000000)
  eden space 116736K, 0% used [0x0000000775200000,0x0000000775200000,0x000000077c400000)
  from space 9216K, 0% used [0x000000077c400000,0x000000077c400000,0x000000077cd00000)
  to   space 9216K, 0% used [0x0000000783f00000,0x0000000783f00000,0x0000000784800000)
 ParOldGen       total 78336K, used 5422K [0x00000006df600000, 0x00000006e4280000, 0x0000000775200000)
  object space 78336K, 6% used [0x00000006df600000,0x00000006dfb4b838,0x00000006e4280000)
 Metaspace       used 20208K, capacity 21078K, committed 21296K, reserved 1069056K
  class space    used 2395K, capacity 2602K, committed 2688K, reserved 1048576K
}
Event: 14.525 GC heap before
{Heap before GC invocations=7 (full 1):
 PSYoungGen      total 125952K, used 116736K [0x0000000775200000, 0x0000000784800000, 0x00000007c0000000)
  eden space 116736K, 100% used [0x0000000775200000,0x000000077c400000,0x000000077c400000)
  from space 9216K, 0% used [0x000000077c400000,0x000000077c400000,0x000000077cd00000)
  to   space 9216K, 0% used [0x0000000783f00000,0x0000000783f00000,0x0000000784800000)
 ParOldGen       total 78336K, used 5422K [0x00000006df600000, 0x00000006e4280000, 0x0000000775200000)
  object space 78336K, 6% used [0x00000006df600000,0x00000006dfb4b838,0x00000006e4280000)
 Metaspace       used 24221K, capacity 25316K, committed 25472K, reserved 1071104K
  class space    used 2917K, capacity 3151K, committed 3200K, reserved 1048576K
Event: 14.548 GC heap after
Heap after GC invocations=7 (full 1):
 PSYoungGen      total 207360K, used 6761K [0x0000000775200000, 0x0000000784600000, 0x00000007c0000000)
  eden space 200192K, 0% used [0x0000000775200000,0x0000000775200000,0x0000000781580000)
  from space 7168K, 94% used [0x0000000783f00000,0x000000078459a700,0x0000000784600000)
  to   space 9216K, 0% used [0x0000000783400000,0x0000000783400000,0x0000000783d00000)
 ParOldGen       total 78336K, used 5430K [0x00000006df600000, 0x00000006e4280000, 0x0000000775200000)
  object space 78336K, 6% used [0x00000006df600000,0x00000006dfb4d838,0x00000006e4280000)
 Metaspace       used 24221K, capacity 25316K, committed 25472K, reserved 1071104K
  class space    used 2917K, capacity 3151K, committed 3200K, reserved 1048576K
}

